Time resolution is 1 ps
Testing A = 0 (0x0), B = 0 (0x0)...
--Success
Testing A = 0 (0x0), B = 1 (0x1)...
--Success
Testing A = 0 (0x0), B = 2 (0x2)...
--Success
Testing A = 0 (0x0), B = 3 (0x3)...
--Success
Testing A = 0 (0x0), B = 4 (0x4)...
--Success
Testing A = 0 (0x0), B = 5 (0x5)...
--Success
Testing A = 0 (0x0), B = 6 (0x6)...
--Success
Testing A = 0 (0x0), B = 7 (0x7)...
--Success
Testing A = 0 (0x0), B = 8 (0x8)...
--Success
Testing A = 0 (0x0), B = 9 (0x9)...
--Success
Testing A = 0 (0x0), B = 10 (0xa)...
--Success
Testing A = 0 (0x0), B = 11 (0xb)...
--Success
Testing A = 0 (0x0), B = 12 (0xc)...
--Success
Testing A = 0 (0x0), B = 13 (0xd)...
--Success
Testing A = 0 (0x0), B = 14 (0xe)...
--Success
Testing A = 0 (0x0), B = 15 (0xf)...
--Success
Testing A = 1 (0x1), B = 0 (0x0)...
--Success
Testing A = 1 (0x1), B = 1 (0x1)...
--Success
Testing A = 1 (0x1), B = 2 (0x2)...
--Success
Testing A = 1 (0x1), B = 3 (0x3)...
--Success
Testing A = 1 (0x1), B = 4 (0x4)...
--Success
Testing A = 1 (0x1), B = 5 (0x5)...
--Success
Testing A = 1 (0x1), B = 6 (0x6)...
--Success
Testing A = 1 (0x1), B = 7 (0x7)...
--Success
Testing A = 1 (0x1), B = 8 (0x8)...
--Success
Testing A = 1 (0x1), B = 9 (0x9)...
--Success
Testing A = 1 (0x1), B = 10 (0xa)...
--Success
Testing A = 1 (0x1), B = 11 (0xb)...
--Success
Testing A = 1 (0x1), B = 12 (0xc)...
--Success
Testing A = 1 (0x1), B = 13 (0xd)...
--Success
Testing A = 1 (0x1), B = 14 (0xe)...
--Success
Testing A = 1 (0x1), B = 15 (0xf)...
--Success
Testing A = 2 (0x2), B = 0 (0x0)...
--Success
Testing A = 2 (0x2), B = 1 (0x1)...
--Success
Testing A = 2 (0x2), B = 2 (0x2)...
--Success
Testing A = 2 (0x2), B = 3 (0x3)...
--Success
Testing A = 2 (0x2), B = 4 (0x4)...
--Success
Testing A = 2 (0x2), B = 5 (0x5)...
--Success
Testing A = 2 (0x2), B = 6 (0x6)...
--Success
Testing A = 2 (0x2), B = 7 (0x7)...
--Success
Testing A = 2 (0x2), B = 8 (0x8)...
--Success
Testing A = 2 (0x2), B = 9 (0x9)...
--Success
Testing A = 2 (0x2), B = 10 (0xa)...
--Success
Testing A = 2 (0x2), B = 11 (0xb)...
--Success
Testing A = 2 (0x2), B = 12 (0xc)...
--Success
Testing A = 2 (0x2), B = 13 (0xd)...
--Success
Testing A = 2 (0x2), B = 14 (0xe)...
--Success
Testing A = 2 (0x2), B = 15 (0xf)...
--Success
Testing A = 3 (0x3), B = 0 (0x0)...
--Success
Testing A = 3 (0x3), B = 1 (0x1)...
--Success
Testing A = 3 (0x3), B = 2 (0x2)...
--Success
Testing A = 3 (0x3), B = 3 (0x3)...
--Success
Testing A = 3 (0x3), B = 4 (0x4)...
--Success
Testing A = 3 (0x3), B = 5 (0x5)...
--Success
Testing A = 3 (0x3), B = 6 (0x6)...
--Success
Testing A = 3 (0x3), B = 7 (0x7)...
--Success
Testing A = 3 (0x3), B = 8 (0x8)...
--Success
Testing A = 3 (0x3), B = 9 (0x9)...
--Success
Testing A = 3 (0x3), B = 10 (0xa)...
--Success
Testing A = 3 (0x3), B = 11 (0xb)...
--Success
Testing A = 3 (0x3), B = 12 (0xc)...
--Success
Testing A = 3 (0x3), B = 13 (0xd)...
--Success
Testing A = 3 (0x3), B = 14 (0xe)...
--Success
Testing A = 3 (0x3), B = 15 (0xf)...
--Success
Testing A = 4 (0x4), B = 0 (0x0)...
--Success
Testing A = 4 (0x4), B = 1 (0x1)...
--Success
Testing A = 4 (0x4), B = 2 (0x2)...
--Success
Testing A = 4 (0x4), B = 3 (0x3)...
--Success
Testing A = 4 (0x4), B = 4 (0x4)...
--Success
Testing A = 4 (0x4), B = 5 (0x5)...
--Success
Testing A = 4 (0x4), B = 6 (0x6)...
--Success
Testing A = 4 (0x4), B = 7 (0x7)...
--Success
Testing A = 4 (0x4), B = 8 (0x8)...
--Success
Testing A = 4 (0x4), B = 9 (0x9)...
--Success
Testing A = 4 (0x4), B = 10 (0xa)...
--Success
Testing A = 4 (0x4), B = 11 (0xb)...
--Success
Testing A = 4 (0x4), B = 12 (0xc)...
--Success
Testing A = 4 (0x4), B = 13 (0xd)...
--Success
Testing A = 4 (0x4), B = 14 (0xe)...
--Success
Testing A = 4 (0x4), B = 15 (0xf)...
--Success
Testing A = 5 (0x5), B = 0 (0x0)...
--Success
Testing A = 5 (0x5), B = 1 (0x1)...
--Success
Testing A = 5 (0x5), B = 2 (0x2)...
--Success
Testing A = 5 (0x5), B = 3 (0x3)...
--Success
Testing A = 5 (0x5), B = 4 (0x4)...
--Success
Testing A = 5 (0x5), B = 5 (0x5)...
--Success
Testing A = 5 (0x5), B = 6 (0x6)...
--Success
Testing A = 5 (0x5), B = 7 (0x7)...
--Success
Testing A = 5 (0x5), B = 8 (0x8)...
--Success
Testing A = 5 (0x5), B = 9 (0x9)...
--Success
Testing A = 5 (0x5), B = 10 (0xa)...
--Success
Testing A = 5 (0x5), B = 11 (0xb)...
--Success
Testing A = 5 (0x5), B = 12 (0xc)...
--Success
Testing A = 5 (0x5), B = 13 (0xd)...
--Success
Testing A = 5 (0x5), B = 14 (0xe)...
--Success
Testing A = 5 (0x5), B = 15 (0xf)...
--Success
Testing A = 6 (0x6), B = 0 (0x0)...
--Success
Testing A = 6 (0x6), B = 1 (0x1)...
--Success
Testing A = 6 (0x6), B = 2 (0x2)...
--Success
Testing A = 6 (0x6), B = 3 (0x3)...
--Success
Testing A = 6 (0x6), B = 4 (0x4)...
--Success
Testing A = 6 (0x6), B = 5 (0x5)...
--Success
Testing A = 6 (0x6), B = 6 (0x6)...
--Success
Testing A = 6 (0x6), B = 7 (0x7)...
--Success
Testing A = 6 (0x6), B = 8 (0x8)...
--Success
Testing A = 6 (0x6), B = 9 (0x9)...
--Success
Testing A = 6 (0x6), B = 10 (0xa)...
--Success
Testing A = 6 (0x6), B = 11 (0xb)...
--Success
Testing A = 6 (0x6), B = 12 (0xc)...
--Success
Testing A = 6 (0x6), B = 13 (0xd)...
--Success
Testing A = 6 (0x6), B = 14 (0xe)...
--Success
Testing A = 6 (0x6), B = 15 (0xf)...
--Success
Testing A = 7 (0x7), B = 0 (0x0)...
--Success
Testing A = 7 (0x7), B = 1 (0x1)...
--Success
Testing A = 7 (0x7), B = 2 (0x2)...
--Success
Testing A = 7 (0x7), B = 3 (0x3)...
--Success
Testing A = 7 (0x7), B = 4 (0x4)...
--Success
Testing A = 7 (0x7), B = 5 (0x5)...
--Success
Testing A = 7 (0x7), B = 6 (0x6)...
--Success
Testing A = 7 (0x7), B = 7 (0x7)...
--Success
Testing A = 7 (0x7), B = 8 (0x8)...
--Success
Testing A = 7 (0x7), B = 9 (0x9)...
--Success
Testing A = 7 (0x7), B = 10 (0xa)...
--Success
Testing A = 7 (0x7), B = 11 (0xb)...
--Success
Testing A = 7 (0x7), B = 12 (0xc)...
--Success
Testing A = 7 (0x7), B = 13 (0xd)...
--Success
Testing A = 7 (0x7), B = 14 (0xe)...
--Success
Testing A = 7 (0x7), B = 15 (0xf)...
--Success
Testing A = 8 (0x8), B = 0 (0x0)...
--Success
Testing A = 8 (0x8), B = 1 (0x1)...
--Success
Testing A = 8 (0x8), B = 2 (0x2)...
--Success
Testing A = 8 (0x8), B = 3 (0x3)...
--Success
Testing A = 8 (0x8), B = 4 (0x4)...
--Success
Testing A = 8 (0x8), B = 5 (0x5)...
--Success
Testing A = 8 (0x8), B = 6 (0x6)...
--Success
Testing A = 8 (0x8), B = 7 (0x7)...
--Success
Testing A = 8 (0x8), B = 8 (0x8)...
--Success
Testing A = 8 (0x8), B = 9 (0x9)...
--Success
Testing A = 8 (0x8), B = 10 (0xa)...
--Success
Testing A = 8 (0x8), B = 11 (0xb)...
--Success
Testing A = 8 (0x8), B = 12 (0xc)...
--Success
Testing A = 8 (0x8), B = 13 (0xd)...
--Success
Testing A = 8 (0x8), B = 14 (0xe)...
--Success
Testing A = 8 (0x8), B = 15 (0xf)...
--Success
Testing A = 9 (0x9), B = 0 (0x0)...
--Success
Testing A = 9 (0x9), B = 1 (0x1)...
--Success
Testing A = 9 (0x9), B = 2 (0x2)...
--Success
Testing A = 9 (0x9), B = 3 (0x3)...
--Success
Testing A = 9 (0x9), B = 4 (0x4)...
--Success
Testing A = 9 (0x9), B = 5 (0x5)...
--Success
Testing A = 9 (0x9), B = 6 (0x6)...
--Success
Testing A = 9 (0x9), B = 7 (0x7)...
--Success
Testing A = 9 (0x9), B = 8 (0x8)...
--Success
Testing A = 9 (0x9), B = 9 (0x9)...
--Success
Testing A = 9 (0x9), B = 10 (0xa)...
--Success
Testing A = 9 (0x9), B = 11 (0xb)...
--Success
Testing A = 9 (0x9), B = 12 (0xc)...
--Success
Testing A = 9 (0x9), B = 13 (0xd)...
--Success
Testing A = 9 (0x9), B = 14 (0xe)...
--Success
Testing A = 9 (0x9), B = 15 (0xf)...
--Success
Testing A = 10 (0xa), B = 0 (0x0)...
--Success
Testing A = 10 (0xa), B = 1 (0x1)...
--Success
Testing A = 10 (0xa), B = 2 (0x2)...
--Success
Testing A = 10 (0xa), B = 3 (0x3)...
--Success
Testing A = 10 (0xa), B = 4 (0x4)...
--Success
Testing A = 10 (0xa), B = 5 (0x5)...
--Success
Testing A = 10 (0xa), B = 6 (0x6)...
--Success
Testing A = 10 (0xa), B = 7 (0x7)...
--Success
Testing A = 10 (0xa), B = 8 (0x8)...
--Success
Testing A = 10 (0xa), B = 9 (0x9)...
--Success
Testing A = 10 (0xa), B = 10 (0xa)...
--Success
Testing A = 10 (0xa), B = 11 (0xb)...
--Success
Testing A = 10 (0xa), B = 12 (0xc)...
--Success
Testing A = 10 (0xa), B = 13 (0xd)...
--Success
Testing A = 10 (0xa), B = 14 (0xe)...
--Success
Testing A = 10 (0xa), B = 15 (0xf)...
--Success
Testing A = 11 (0xb), B = 0 (0x0)...
--Success
Testing A = 11 (0xb), B = 1 (0x1)...
--Success
Testing A = 11 (0xb), B = 2 (0x2)...
--Success
Testing A = 11 (0xb), B = 3 (0x3)...
--Success
Testing A = 11 (0xb), B = 4 (0x4)...
--Success
Testing A = 11 (0xb), B = 5 (0x5)...
--Success
Testing A = 11 (0xb), B = 6 (0x6)...
--Success
Testing A = 11 (0xb), B = 7 (0x7)...
--Success
Testing A = 11 (0xb), B = 8 (0x8)...
--Success
Testing A = 11 (0xb), B = 9 (0x9)...
--Success
Testing A = 11 (0xb), B = 10 (0xa)...
--Success
Testing A = 11 (0xb), B = 11 (0xb)...
--Success
Testing A = 11 (0xb), B = 12 (0xc)...
--Success
Testing A = 11 (0xb), B = 13 (0xd)...
--Success
Testing A = 11 (0xb), B = 14 (0xe)...
--Success
Testing A = 11 (0xb), B = 15 (0xf)...
--Success
Testing A = 12 (0xc), B = 0 (0x0)...
--Success
Testing A = 12 (0xc), B = 1 (0x1)...
--Success
Testing A = 12 (0xc), B = 2 (0x2)...
--Success
Testing A = 12 (0xc), B = 3 (0x3)...
--Success
Testing A = 12 (0xc), B = 4 (0x4)...
--Success
Testing A = 12 (0xc), B = 5 (0x5)...
--Success
Testing A = 12 (0xc), B = 6 (0x6)...
--Success
Testing A = 12 (0xc), B = 7 (0x7)...
--Success
Testing A = 12 (0xc), B = 8 (0x8)...
--Success
Testing A = 12 (0xc), B = 9 (0x9)...
--Success
Testing A = 12 (0xc), B = 10 (0xa)...
--Success
Testing A = 12 (0xc), B = 11 (0xb)...
--Success
Testing A = 12 (0xc), B = 12 (0xc)...
--Success
Testing A = 12 (0xc), B = 13 (0xd)...
--Success
Testing A = 12 (0xc), B = 14 (0xe)...
--Success
Testing A = 12 (0xc), B = 15 (0xf)...
--Success
Testing A = 13 (0xd), B = 0 (0x0)...
--Success
Testing A = 13 (0xd), B = 1 (0x1)...
--Success
Testing A = 13 (0xd), B = 2 (0x2)...
--Success
Testing A = 13 (0xd), B = 3 (0x3)...
--Success
Testing A = 13 (0xd), B = 4 (0x4)...
--Success
Testing A = 13 (0xd), B = 5 (0x5)...
--Success
Testing A = 13 (0xd), B = 6 (0x6)...
--Success
Testing A = 13 (0xd), B = 7 (0x7)...
--Success
Testing A = 13 (0xd), B = 8 (0x8)...
--Success
Testing A = 13 (0xd), B = 9 (0x9)...
--Success
Testing A = 13 (0xd), B = 10 (0xa)...
--Success
Testing A = 13 (0xd), B = 11 (0xb)...
--Success
Testing A = 13 (0xd), B = 12 (0xc)...
--Success
Testing A = 13 (0xd), B = 13 (0xd)...
--Success
Testing A = 13 (0xd), B = 14 (0xe)...
--Success
Testing A = 13 (0xd), B = 15 (0xf)...
--Success
Testing A = 14 (0xe), B = 0 (0x0)...
--Success
Testing A = 14 (0xe), B = 1 (0x1)...
--Success
Testing A = 14 (0xe), B = 2 (0x2)...
--Success
Testing A = 14 (0xe), B = 3 (0x3)...
--Success
Testing A = 14 (0xe), B = 4 (0x4)...
--Success
Testing A = 14 (0xe), B = 5 (0x5)...
--Success
Testing A = 14 (0xe), B = 6 (0x6)...
--Success
Testing A = 14 (0xe), B = 7 (0x7)...
--Success
Testing A = 14 (0xe), B = 8 (0x8)...
--Success
Testing A = 14 (0xe), B = 9 (0x9)...
--Success
Testing A = 14 (0xe), B = 10 (0xa)...
--Success
Testing A = 14 (0xe), B = 11 (0xb)...
--Success
Testing A = 14 (0xe), B = 12 (0xc)...
--Success
Testing A = 14 (0xe), B = 13 (0xd)...
--Success
Testing A = 14 (0xe), B = 14 (0xe)...
--Success
Testing A = 14 (0xe), B = 15 (0xf)...
--Success
Testing A = 15 (0xf), B = 0 (0x0)...
--Success
Testing A = 15 (0xf), B = 1 (0x1)...
--Success
Testing A = 15 (0xf), B = 2 (0x2)...
--Success
Testing A = 15 (0xf), B = 3 (0x3)...
--Success
Testing A = 15 (0xf), B = 4 (0x4)...
--Success
Testing A = 15 (0xf), B = 5 (0x5)...
--Success
Testing A = 15 (0xf), B = 6 (0x6)...
--Success
Testing A = 15 (0xf), B = 7 (0x7)...
--Success
Testing A = 15 (0xf), B = 8 (0x8)...
--Success
Testing A = 15 (0xf), B = 9 (0x9)...
--Success
Testing A = 15 (0xf), B = 10 (0xa)...
--Success
Testing A = 15 (0xf), B = 11 (0xb)...
--Success
Testing A = 15 (0xf), B = 12 (0xc)...
--Success
Testing A = 15 (0xf), B = 13 (0xd)...
--Success
Testing A = 15 (0xf), B = 14 (0xe)...
--Success
Testing A = 15 (0xf), B = 15 (0xf)...
--Success
All tests passed!
$finish called at time : 4357 ns : File "C:/Users/james/Uni_work/Semester_4/ECE 230L/Lab_final/test.v" Line 122
